<?xml version="1.0" encoding="UTF-8"?>
<!-- Generated by org.testng.reporters.JUnitReportReporter -->
<testsuite hostname="DESKTOP-M82LT7P" failures="0" tests="1" name="com.inetbanking.pageObjects.TC_NewCustomer_003" time="40.637" errors="0" timestamp="2023-10-17T08:47:25 IST" skipped="0">
  <testcase classname="com.inetbanking.pageObjects.TC_NewCustomer_003" name="addCustomer" time="40.637"/>
</testsuite> <!-- com.inetbanking.pageObjects.TC_NewCustomer_003 -->
