<?xml version="1.0" encoding="UTF-8"?>
<!-- Generated by org.testng.reporters.JUnitReportReporter -->
<testsuite hostname="DESKTOP-M82LT7P" failures="0" tests="1" name="com.inetbanking.pageObjects.TC_LoginTest_001" time="7.371" errors="0" timestamp="2023-10-17T08:47:25 IST" skipped="0">
  <testcase classname="com.inetbanking.pageObjects.TC_LoginTest_001" name="loginTest" time="7.371"/>
</testsuite> <!-- com.inetbanking.pageObjects.TC_LoginTest_001 -->
